Arguments: 
  C:\Program Files\nodejs\node.exe C:\Users\Alex\AppData\Local\node\corepack\yarn\1.22.19\bin\yarn.js add native-base

PATH: 
  C:\Python311\Scripts\;C:\Python311\;C:\Program Files\AdoptOpenJDK\jdk-8.0.292.10-hotspot\bin;C:\Program Files\Common Files\Oracle\Java\javapath;C:\WINDOWS\system32;C:\WINDOWS;C:\WINDOWS\System32\Wbem;C:\WINDOWS\System32\WindowsPowerShell\v1.0\;C:\WINDOWS\System32\OpenSSH\;C:\Program Files\GtkSharp\2.12\bin;C:\Program Files\Git\cmd;C:\Program Files\Microsoft VS Code\bin;C:\Program Files\dotnet\;C:\Program Files\nodejs\;C:\ProgramData\chocolatey\bin;C:\Users\Alex\AppData\Local\Microsoft\WindowsApps;C:\Program Files\Java\jdk1.8.0_271\bin;C:\MinGW\bin;C:\Users\Alex\AppData\Roaming\npm

Yarn version: 
  1.22.19

Node version: 
  18.16.0

Platform: 
  win32 ia32

Trace: 
  Error: EPERM: operation not permitted, unlink 'C:\Users\Alex\Desktop\teste app\node_modules\@expo\config-plugins\node_modules\chalk\source'

npm manifest: 
  {
    "name": "teste",
    "version": "1.0.0",
    "main": "node_modules/expo/AppEntry.js",
    "scripts": {
      "start": "expo start",
      "android": "expo start --android",
      "ios": "expo start --ios",
      "web": "expo start --web"
    },
    "dependencies": {
      "@react-navigation/bottom-tabs": "^6.5.8",
      "@react-navigation/native": "^6.1.7",
      "@react-navigation/native-stack": "^6.9.13",
      "@types/react": "~18.2.14",
      "axios": "^1.5.1",
      "expo": "^49.0.11",
      "expo-status-bar": "~1.6.0",
      "express": "^4.18.2",
      "mysql2": "^3.6.5",
      "native-base": "^3.4.28",
      "react": "18.2.0",
      "react-native": "0.72.5",
      "react-native-safe-area-context": "4.6.3",
      "react-native-screens": "~3.22.0",
      "react-native-svg": "13.9.0",
      "react-native-vector-icons": "^10.0.0",
      "typescript": "^5.1.3",
      "yet": "^0.1.0"
    },
    "devDependencies": {
      "@babel/core": "^7.20.0",
      "@types/react-native-vector-icons": "^6.4.14"
    },
    "private": true
  }

yarn manifest: 
  No manifest

Lockfile: 
  No lockfile
